0 info it worked if it ends with ok
1 verbose cli [ 'C:\\Program Files\\nodejs\\node.exe',
1 verbose cli   'C:\\Program Files\\nodejs\\node_modules\\npm\\bin\\npm-cli.js',
1 verbose cli   'install',
1 verbose cli   'https://github.com/litehelpers/Cordova-sqlite-storage',
1 verbose cli   '--production',
1 verbose cli   '--save' ]
2 info using npm@3.10.10
3 info using node@v6.11.4
4 silly loadCurrentTree Starting
5 silly install loadCurrentTree
6 silly install readLocalPackageData
7 silly fetchPackageMetaData https://github.com/litehelpers/Cordova-sqlite-storage
8 silly fetchOtherPackageData https://github.com/litehelpers/Cordova-sqlite-storage
9 silly cache add args [ 'https://github.com/litehelpers/Cordova-sqlite-storage',
9 silly cache add   null ]
10 verbose cache add spec https://github.com/litehelpers/Cordova-sqlite-storage
11 silly cache add parsed spec Result {
11 silly cache add   raw: 'https://github.com/litehelpers/Cordova-sqlite-storage',
11 silly cache add   scope: null,
11 silly cache add   escapedName: null,
11 silly cache add   name: null,
11 silly cache add   rawSpec: 'https://github.com/litehelpers/Cordova-sqlite-storage',
11 silly cache add   spec: 'git+https://github.com/litehelpers/Cordova-sqlite-storage.git',
11 silly cache add   type: 'hosted',
11 silly cache add   hosted:
11 silly cache add    { type: 'github',
11 silly cache add      ssh: 'git@github.com:litehelpers/Cordova-sqlite-storage.git',
11 silly cache add      sshUrl: 'git+ssh://git@github.com/litehelpers/Cordova-sqlite-storage.git',
11 silly cache add      httpsUrl: 'git+https://github.com/litehelpers/Cordova-sqlite-storage.git',
11 silly cache add      gitUrl: 'git://github.com/litehelpers/Cordova-sqlite-storage.git',
11 silly cache add      shortcut: 'github:litehelpers/Cordova-sqlite-storage',
11 silly cache add      directUrl: 'https://raw.githubusercontent.com/litehelpers/Cordova-sqlite-storage/master/package.json' } }
12 verbose addRemoteGit caching https://github.com/litehelpers/Cordova-sqlite-storage
13 verbose addRemoteGit git+https://github.com/litehelpers/Cordova-sqlite-storage.git is a repository hosted by github
14 silly tryClone cloning git+https://github.com/litehelpers/Cordova-sqlite-storage.git via git+https://github.com/litehelpers/Cordova-sqlite-storage.git
15 verbose tryClone git-https-github-com-litehelpers-Cordova-sqlite-storage-git-c710b464 not in flight; caching
16 verbose correctMkdir C:\Users\USER\AppData\Roaming\npm-cache\_git-remotes correctMkdir not in flight; initializing
17 info git [ 'clone',
17 info git   '--template=C:\\Users\\USER\\AppData\\Roaming\\npm-cache\\_git-remotes\\_templates',
17 info git   '--mirror',
17 info git   'https://github.com/litehelpers/Cordova-sqlite-storage.git',
17 info git   'C:\\Users\\USER\\AppData\\Roaming\\npm-cache\\_git-remotes\\git-https-github-com-litehelpers-Cordova-sqlite-storage-git-c710b464' ]
18 verbose mirrorRemote git+https://github.com/litehelpers/Cordova-sqlite-storage.git git clone https://github.com/litehelpers/Cordova-sqlite-storage.git
19 verbose setPermissions git+https://github.com/litehelpers/Cordova-sqlite-storage.git skipping chownr on Windows
20 verbose resolveHead git+https://github.com/litehelpers/Cordova-sqlite-storage.git original treeish: master
21 info git [ 'rev-list', '-n1', 'master' ]
22 error git rev-list -n1 master: fatal: ambiguous argument 'master': unknown revision or path not in the working tree.
22 error git rev-list -n1 master: Use '--' to separate paths from revisions, like this:
22 error git rev-list -n1 master: 'git <command> [<revision>...] -- [<file>...]'
23 silly fetchPackageMetaData Error: Command failed: git -c core.longpaths=true rev-list -n1 master
23 silly fetchPackageMetaData fatal: ambiguous argument 'master': unknown revision or path not in the working tree.
23 silly fetchPackageMetaData Use '--' to separate paths from revisions, like this:
23 silly fetchPackageMetaData 'git <command> [<revision>...] -- [<file>...]'
23 silly fetchPackageMetaData
23 silly fetchPackageMetaData     at ChildProcess.exithandler (child_process.js:198:12)
23 silly fetchPackageMetaData     at emitTwo (events.js:106:13)
23 silly fetchPackageMetaData     at ChildProcess.emit (events.js:191:7)
23 silly fetchPackageMetaData     at maybeClose (internal/child_process.js:920:16)
23 silly fetchPackageMetaData     at Process.ChildProcess._handle.onexit (internal/child_process.js:230:5)
23 silly fetchPackageMetaData  error for https://github.com/litehelpers/Cordova-sqlite-storage { Error: Command failed: git -c core.longpaths=true rev-list -n1 master
23 silly fetchPackageMetaData fatal: ambiguous argument 'master': unknown revision or path not in the working tree.
23 silly fetchPackageMetaData Use '--' to separate paths from revisions, like this:
23 silly fetchPackageMetaData 'git <command> [<revision>...] -- [<file>...]'
23 silly fetchPackageMetaData
23 silly fetchPackageMetaData     at ChildProcess.exithandler (child_process.js:198:12)
23 silly fetchPackageMetaData     at emitTwo (events.js:106:13)
23 silly fetchPackageMetaData     at ChildProcess.emit (events.js:191:7)
23 silly fetchPackageMetaData     at maybeClose (internal/child_process.js:920:16)
23 silly fetchPackageMetaData     at Process.ChildProcess._handle.onexit (internal/child_process.js:230:5)
23 silly fetchPackageMetaData   killed: false,
23 silly fetchPackageMetaData   code: 128,
23 silly fetchPackageMetaData   signal: null,
23 silly fetchPackageMetaData   cmd: 'git -c core.longpaths=true rev-list -n1 master' }
24 silly rollbackFailedOptional Starting
25 silly rollbackFailedOptional Finishing
26 silly runTopLevelLifecycles Finishing
27 silly install printInstalled
28 verbose stack Error: Command failed: git -c core.longpaths=true rev-list -n1 master
28 verbose stack fatal: ambiguous argument 'master': unknown revision or path not in the working tree.
28 verbose stack Use '--' to separate paths from revisions, like this:
28 verbose stack 'git <command> [<revision>...] -- [<file>...]'
28 verbose stack
28 verbose stack     at ChildProcess.exithandler (child_process.js:198:12)
28 verbose stack     at emitTwo (events.js:106:13)
28 verbose stack     at ChildProcess.emit (events.js:191:7)
28 verbose stack     at maybeClose (internal/child_process.js:920:16)
28 verbose stack     at Process.ChildProcess._handle.onexit (internal/child_process.js:230:5)
29 verbose cwd C:\Users\USER\Desktop\solucionProfuturo\App\SolucionApp
30 error Windows_NT 10.0.16299
31 error argv "C:\\Program Files\\nodejs\\node.exe" "C:\\Program Files\\nodejs\\node_modules\\npm\\bin\\npm-cli.js" "install" "https://github.com/litehelpers/Cordova-sqlite-storage" "--production" "--save"
32 error node v6.11.4
33 error npm  v3.10.10
34 error code 128
35 error Command failed: git -c core.longpaths=true rev-list -n1 master
35 error fatal: ambiguous argument 'master': unknown revision or path not in the working tree.
35 error Use '--' to separate paths from revisions, like this:
35 error 'git <command> [<revision>...] -- [<file>...]'
36 error If you need help, you may report this error at:
36 error     <https://github.com/npm/npm/issues>
37 verbose exit [ 1, true ]
